
--------------------------------------------------
TXLib соболезнует...

Программа: E:\Яковлев Иван\ПРОЭКТЫ\ПРОЭКТЫ\пять ночей в ловушке\SIX.NIGHT.AT.TRAP\bin\Debug\SIX.NIGHT.AT.exe, файл: c:\codeblocks\codeblocks\mingw\include\txlib.h, строка: 13657, функция: bool {anonymous}::TX::txTransparentBlt(HDC, double, double, double, double, HDC, double, double, COLORREF),

Сообщение: Параметр "sourceImage" неверен. Возможно, этот холст не создан, или уже уничтожен, или не загрузилась картинка.

#1: TXLib [Ver: 00173a, Rev: 171, Date: 2022-07-23 02:08:28 +0400], Instance: 0x004F32FC (32-bit), Flags: CMdRe0, Thread: 0x36B0 (Main), GetLastError(): 13 (Недопустимые данные). 

--------------------------------------------------
Стек вызовов:

# 0 0x00416869 in E:\Яковлев Иван\ПРОЭКТЫ\ПРОЭКТЫ\пять ночей в ловушке\SIX.NIGHT.AT.TRAP\bin\Debug\SIX.NIGHT.AT.exe: txTransparentBlt() at c:/codeblocks/codeblocks/mingw/include/txlib.h (13657)

# 1 0x0041C489 in E:\Яковлев Иван\ПРОЭКТЫ\ПРОЭКТЫ\пять ночей в ловушке\SIX.NIGHT.AT.TRAP\bin\Debug\SIX.NIGHT.AT.exe: drawEnding1() at E:/Яковлев Иван/ПРОЭКТЫ/ПРОЭКТЫ/пять ночей в ловушке/SIX.NIGHT.AT.TRAP/main.cpp (6):

      4: void drawEnding1 (HDC Ending1)
      5: {
=>    6:  txTransparentBlt(txDC(),0 ,0  , 1540, 800  ,Ending1, 0, 0, RGB(512, 68, 68));
      7: }
      8: void drawMenu (HDC Menu)

# 2 0x0041CB0F in E:\Яковлев Иван\ПРОЭКТЫ\ПРОЭКТЫ\пять ночей в ловушке\SIX.NIGHT.AT.TRAP\bin\Debug\SIX.NIGHT.AT.exe: main() at E:/Яковлев Иван/ПРОЭКТЫ/ПРОЭКТЫ/пять ночей в ловушке/SIX.NIGHT.AT.TRAP/main.cpp (103):

    101:      if(x1=1065)
    102:     {
=>  103:      drawEnding1(Ending1);
    104:     }
    105: 

--------------------------------------------------
Developed with:

The Dumb Artist Library (TX Library)
TXLib [Ver: 00173a, Rev: 171, Date: 2022-07-23 02:08:28 +0400]
Copyright (C) Ded (Ilya Dedinsky, http://txlib.ru) <mail@txlib.ru>
See license on: http://txlib.ru

TXLib file:	c:\codeblocks\codeblocks\mingw\include\txlib.h
Compiled:	Jan 26 2024 18:23:17, GNU g++ 4.8.1, std=201103L, MinGW Runtime 3.20, 32-bit, Debug
Started:	Jan 26 2024 18:23:40

Run file:	E:\Яковлев Иван\ПРОЭКТЫ\ПРОЭКТЫ\пять ночей в ловушке\SIX.NIGHT.AT.TRAP\bin\Debug\SIX.NIGHT.AT.exe
Directory:	E:\Яковлев Иван\ПРОЭКТЫ\ПРОЭКТЫ\пять ночей в ловушке\SIX.NIGHT.AT.TRAP

--------------------------------------------------

--------------------------------------------------
TXLib соболезнует...

Программа: E:\Яковлев Иван\ПРОЭКТЫ\ПРОЭКТЫ\пять ночей в ловушке\SIX.NIGHT.AT.TRAP\bin\Debug\SIX.NIGHT.AT.exe, файл: c:\codeblocks\codeblocks\mingw\include\txlib.h, строка: 13657, функция: bool {anonymous}::TX::txTransparentBlt(HDC, double, double, double, double, HDC, double, double, COLORREF),

Сообщение: Параметр "sourceImage" неверен. Возможно, этот холст не создан, или уже уничтожен, или не загрузилась картинка.

#1: TXLib [Ver: 00173a, Rev: 171, Date: 2022-07-23 02:08:28 +0400], Instance: 0x004F32FC (32-bit), Flags: CMdRe0, Thread: 0x794 (Main), GetLastError(): 13 (Недопустимые данные). 

--------------------------------------------------
Стек вызовов:

# 0 0x00416869 in E:\Яковлев Иван\ПРОЭКТЫ\ПРОЭКТЫ\пять ночей в ловушке\SIX.NIGHT.AT.TRAP\bin\Debug\SIX.NIGHT.AT.exe: txTransparentBlt() at c:/codeblocks/codeblocks/mingw/include/txlib.h (13657)

# 1 0x0041C489 in E:\Яковлев Иван\ПРОЭКТЫ\ПРОЭКТЫ\пять ночей в ловушке\SIX.NIGHT.AT.TRAP\bin\Debug\SIX.NIGHT.AT.exe: drawEnding1() at E:/Яковлев Иван/ПРОЭКТЫ/ПРОЭКТЫ/пять ночей в ловушке/SIX.NIGHT.AT.TRAP/main.cpp (6):

      4: void drawEnding1 (HDC Ending1)
      5: {
=>    6:  txTransparentBlt(txDC(),0 ,0  , 1540, 800  ,Ending1, 0, 0, RGB(512, 68, 68));
      7: }
      8: void drawMenu (HDC Menu)

# 2 0x0041CB1D in E:\Яковлев Иван\ПРОЭКТЫ\ПРОЭКТЫ\пять ночей в ловушке\SIX.NIGHT.AT.TRAP\bin\Debug\SIX.NIGHT.AT.exe: main() at E:/Яковлев Иван/ПРОЭКТЫ/ПРОЭКТЫ/пять ночей в ловушке/SIX.NIGHT.AT.TRAP/main.cpp (103):

    101:      if(x1=1065,y1=225)
    102:     {
=>  103:      drawEnding1(Ending1);
    104:     }
    105: 

--------------------------------------------------
Developed with:

The Dumb Artist Library (TX Library)
TXLib [Ver: 00173a, Rev: 171, Date: 2022-07-23 02:08:28 +0400]
Copyright (C) Ded (Ilya Dedinsky, http://txlib.ru) <mail@txlib.ru>
See license on: http://txlib.ru

TXLib file:	c:\codeblocks\codeblocks\mingw\include\txlib.h
Compiled:	Jan 26 2024 18:25:07, GNU g++ 4.8.1, std=201103L, MinGW Runtime 3.20, 32-bit, Debug
Started:	Jan 26 2024 18:25:30

Run file:	E:\Яковлев Иван\ПРОЭКТЫ\ПРОЭКТЫ\пять ночей в ловушке\SIX.NIGHT.AT.TRAP\bin\Debug\SIX.NIGHT.AT.exe
Directory:	E:\Яковлев Иван\ПРОЭКТЫ\ПРОЭКТЫ\пять ночей в ловушке\SIX.NIGHT.AT.TRAP

--------------------------------------------------

--------------------------------------------------
TXLib соболезнует...

Программа: E:\Яковлев Иван\ПРОЭКТЫ\ПРОЭКТЫ\пять ночей в ловушке\SIX.NIGHT.AT.TRAP\bin\Debug\SIX.NIGHT.AT.exe, файл: c:\codeblocks\codeblocks\mingw\include\txlib.h, строка: 13657, функция: bool {anonymous}::TX::txTransparentBlt(HDC, double, double, double, double, HDC, double, double, COLORREF),

Сообщение: Параметр "sourceImage" неверен. Возможно, этот холст не создан, или уже уничтожен, или не загрузилась картинка.

#1: TXLib [Ver: 00173a, Rev: 171, Date: 2022-07-23 02:08:28 +0400], Instance: 0x004F32FC (32-bit), Flags: CMdRe0, Thread: 0x3BBC (Main), GetLastError(): 13 (Недопустимые данные). 

--------------------------------------------------
Стек вызовов:

# 0 0x00416869 in E:\Яковлев Иван\ПРОЭКТЫ\ПРОЭКТЫ\пять ночей в ловушке\SIX.NIGHT.AT.TRAP\bin\Debug\SIX.NIGHT.AT.exe: txTransparentBlt() at c:/codeblocks/codeblocks/mingw/include/txlib.h (13657)

# 1 0x0041C489 in E:\Яковлев Иван\ПРОЭКТЫ\ПРОЭКТЫ\пять ночей в ловушке\SIX.NIGHT.AT.TRAP\bin\Debug\SIX.NIGHT.AT.exe: drawEnding1() at E:/Яковлев Иван/ПРОЭКТЫ/ПРОЭКТЫ/пять ночей в ловушке/SIX.NIGHT.AT.TRAP/main.cpp (6):

      4: void drawEnding1 (HDC Ending1)
      5: {
=>    6:  txTransparentBlt(txDC(),0 ,0  , 1540, 800  ,Ending1, 0, 0, RGB(512, 68, 68));
      7: }
      8: void drawMenu (HDC Menu)

# 2 0x0041CB1D in E:\Яковлев Иван\ПРОЭКТЫ\ПРОЭКТЫ\пять ночей в ловушке\SIX.NIGHT.AT.TRAP\bin\Debug\SIX.NIGHT.AT.exe: main() at E:/Яковлев Иван/ПРОЭКТЫ/ПРОЭКТЫ/пять ночей в ловушке/SIX.NIGHT.AT.TRAP/main.cpp (103):

    101:      if(x1=1065,y1=225)
    102:     {
=>  103:      drawEnding1(Ending1);
    104:     }
    105: 

--------------------------------------------------
Developed with:

The Dumb Artist Library (TX Library)
TXLib [Ver: 00173a, Rev: 171, Date: 2022-07-23 02:08:28 +0400]
Copyright (C) Ded (Ilya Dedinsky, http://txlib.ru) <mail@txlib.ru>
See license on: http://txlib.ru

TXLib file:	c:\codeblocks\codeblocks\mingw\include\txlib.h
Compiled:	Jan 26 2024 18:26:57, GNU g++ 4.8.1, std=201103L, MinGW Runtime 3.20, 32-bit, Debug
Started:	Jan 26 2024 18:27:21

Run file:	E:\Яковлев Иван\ПРОЭКТЫ\ПРОЭКТЫ\пять ночей в ловушке\SIX.NIGHT.AT.TRAP\bin\Debug\SIX.NIGHT.AT.exe
Directory:	E:\Яковлев Иван\ПРОЭКТЫ\ПРОЭКТЫ\пять ночей в ловушке\SIX.NIGHT.AT.TRAP

--------------------------------------------------

--------------------------------------------------
TXLib соболезнует...

Программа: E:\Яковлев Иван\ПРОЭКТЫ\ПРОЭКТЫ\пять ночей в ловушке\SIX.NIGHT.AT.TRAP\bin\Debug\SIX.NIGHT.AT.exe, файл: c:\codeblocks\codeblocks\mingw\include\txlib.h, строка: 13657, функция: bool {anonymous}::TX::txTransparentBlt(HDC, double, double, double, double, HDC, double, double, COLORREF),

Сообщение: Параметр "sourceImage" неверен. Возможно, этот холст не создан, или уже уничтожен, или не загрузилась картинка.

#1: TXLib [Ver: 00173a, Rev: 171, Date: 2022-07-23 02:08:28 +0400], Instance: 0x004F32FC (32-bit), Flags: CMdRe0, Thread: 0x1080 (Main), GetLastError(): 13 (Недопустимые данные). 

--------------------------------------------------
Стек вызовов:

# 0 0x00416869 in E:\Яковлев Иван\ПРОЭКТЫ\ПРОЭКТЫ\пять ночей в ловушке\SIX.NIGHT.AT.TRAP\bin\Debug\SIX.NIGHT.AT.exe: txTransparentBlt() at c:/codeblocks/codeblocks/mingw/include/txlib.h (13657)

# 1 0x0041C489 in E:\Яковлев Иван\ПРОЭКТЫ\ПРОЭКТЫ\пять ночей в ловушке\SIX.NIGHT.AT.TRAP\bin\Debug\SIX.NIGHT.AT.exe: drawEnding1() at E:/Яковлев Иван/ПРОЭКТЫ/ПРОЭКТЫ/пять ночей в ловушке/SIX.NIGHT.AT.TRAP/main.cpp (6):

      4: void drawEnding1 (HDC Ending1)
      5: {
=>    6:  txTransparentBlt(txDC(),0 ,0  , 1540, 800  ,Ending1, 0, 0, RGB(512, 68, 68));
      7: }
      8: void drawMenu (HDC Menu)

# 2 0x0041CB1D in E:\Яковлев Иван\ПРОЭКТЫ\ПРОЭКТЫ\пять ночей в ловушке\SIX.NIGHT.AT.TRAP\bin\Debug\SIX.NIGHT.AT.exe: main() at E:/Яковлев Иван/ПРОЭКТЫ/ПРОЭКТЫ/пять ночей в ловушке/SIX.NIGHT.AT.TRAP/main.cpp (103):

    101:      if(x1=1065,y1=225)
    102:     {
=>  103:      drawEnding1(Ending1);
    104:     }
    105: 

--------------------------------------------------
Developed with:

The Dumb Artist Library (TX Library)
TXLib [Ver: 00173a, Rev: 171, Date: 2022-07-23 02:08:28 +0400]
Copyright (C) Ded (Ilya Dedinsky, http://txlib.ru) <mail@txlib.ru>
See license on: http://txlib.ru

TXLib file:	c:\codeblocks\codeblocks\mingw\include\txlib.h
Compiled:	Jan 26 2024 18:26:57, GNU g++ 4.8.1, std=201103L, MinGW Runtime 3.20, 32-bit, Debug
Started:	Jan 26 2024 18:29:02

Run file:	E:\Яковлев Иван\ПРОЭКТЫ\ПРОЭКТЫ\пять ночей в ловушке\SIX.NIGHT.AT.TRAP\bin\Debug\SIX.NIGHT.AT.exe
Directory:	E:\Яковлев Иван\ПРОЭКТЫ\ПРОЭКТЫ\пять ночей в ловушке\SIX.NIGHT.AT.TRAP

--------------------------------------------------

--------------------------------------------------
TXLib соболезнует...

Программа: E:\Яковлев Иван\ПРОЭКТЫ\ПРОЭКТЫ\пять ночей в ловушке\SIX.NIGHT.AT.TRAP\bin\Debug\SIX.NIGHT.AT.exe, файл: c:\codeblocks\codeblocks\mingw\include\txlib.h, строка: 13657, функция: bool {anonymous}::TX::txTransparentBlt(HDC, double, double, double, double, HDC, double, double, COLORREF),

Сообщение: Параметр "sourceImage" неверен. Возможно, этот холст не создан, или уже уничтожен, или не загрузилась картинка.

#1: TXLib [Ver: 00173a, Rev: 171, Date: 2022-07-23 02:08:28 +0400], Instance: 0x004F32FC (32-bit), Flags: CMdRe0, Thread: 0x2348 (Main), GetLastError(): 13 (Недопустимые данные). 

--------------------------------------------------
Стек вызовов:

# 0 0x00416869 in E:\Яковлев Иван\ПРОЭКТЫ\ПРОЭКТЫ\пять ночей в ловушке\SIX.NIGHT.AT.TRAP\bin\Debug\SIX.NIGHT.AT.exe: txTransparentBlt() at c:/codeblocks/codeblocks/mingw/include/txlib.h (13657)

# 1 0x0041CAF4 in E:\Яковлев Иван\ПРОЭКТЫ\ПРОЭКТЫ\пять ночей в ловушке\SIX.NIGHT.AT.TRAP\bin\Debug\SIX.NIGHT.AT.exe: main() at E:/Яковлев Иван/ПРОЭКТЫ/ПРОЭКТЫ/пять ночей в ловушке/SIX.NIGHT.AT.TRAP/main.cpp (96):

     94:      if(x1=1065,y1=225)
     95:     {
=>   96:      txTransparentBlt(txDC(),0 ,0  , 1540, 800  ,Ending1, 0, 0, RGB(512, 68, 68));
     97:     }
     98: 

--------------------------------------------------
Developed with:

The Dumb Artist Library (TX Library)
TXLib [Ver: 00173a, Rev: 171, Date: 2022-07-23 02:08:28 +0400]
Copyright (C) Ded (Ilya Dedinsky, http://txlib.ru) <mail@txlib.ru>
See license on: http://txlib.ru

TXLib file:	c:\codeblocks\codeblocks\mingw\include\txlib.h
Compiled:	Jan 29 2024 17:35:46, GNU g++ 4.8.1, std=201103L, MinGW Runtime 3.20, 32-bit, Debug
Started:	Jan 29 2024 17:36:09

Run file:	E:\Яковлев Иван\ПРОЭКТЫ\ПРОЭКТЫ\пять ночей в ловушке\SIX.NIGHT.AT.TRAP\bin\Debug\SIX.NIGHT.AT.exe
Directory:	E:\Яковлев Иван\ПРОЭКТЫ\ПРОЭКТЫ\пять ночей в ловушке\SIX.NIGHT.AT.TRAP

--------------------------------------------------

--------------------------------------------------
TXLib соболезнует...

Программа: E:\Яковлев Иван\ПРОЭКТЫ\ПРОЭКТЫ\пять ночей в ловушке\SIX.NIGHT.AT.TRAP\bin\Debug\SIX.NIGHT.AT.exe, файл: c:\codeblocks\codeblocks\mingw\include\txlib.h, строка: 13657, функция: bool {anonymous}::TX::txTransparentBlt(HDC, double, double, double, double, HDC, double, double, COLORREF),

Сообщение: Параметр "sourceImage" неверен. Возможно, этот холст не создан, или уже уничтожен, или не загрузилась картинка.

#1: TXLib [Ver: 00173a, Rev: 171, Date: 2022-07-23 02:08:28 +0400], Instance: 0x004F32FC (32-bit), Flags: CMdRe0, Thread: 0x2350 (Main), GetLastError(): 13 (Недопустимые данные). 

--------------------------------------------------
Стек вызовов:

# 0 0x00416869 in E:\Яковлев Иван\ПРОЭКТЫ\ПРОЭКТЫ\пять ночей в ловушке\SIX.NIGHT.AT.TRAP\bin\Debug\SIX.NIGHT.AT.exe: txTransparentBlt() at c:/codeblocks/codeblocks/mingw/include/txlib.h (13657)

# 1 0x0041CAF4 in E:\Яковлев Иван\ПРОЭКТЫ\ПРОЭКТЫ\пять ночей в ловушке\SIX.NIGHT.AT.TRAP\bin\Debug\SIX.NIGHT.AT.exe: main() at E:/Яковлев Иван/ПРОЭКТЫ/ПРОЭКТЫ/пять ночей в ловушке/SIX.NIGHT.AT.TRAP/main.cpp (96):

     94:      if(x1=1065,y1=225)
     95:     {
=>   96:      txTransparentBlt(txDC(),0 ,0  , 1540, 800  ,Ending1, 0, 0, RGB(512, 68, 68));
     97:     }
     98: 

--------------------------------------------------
Developed with:

The Dumb Artist Library (TX Library)
TXLib [Ver: 00173a, Rev: 171, Date: 2022-07-23 02:08:28 +0400]
Copyright (C) Ded (Ilya Dedinsky, http://txlib.ru) <mail@txlib.ru>
See license on: http://txlib.ru

TXLib file:	c:\codeblocks\codeblocks\mingw\include\txlib.h
Compiled:	Jan 29 2024 17:35:46, GNU g++ 4.8.1, std=201103L, MinGW Runtime 3.20, 32-bit, Debug
Started:	Jan 29 2024 17:37:33

Run file:	E:\Яковлев Иван\ПРОЭКТЫ\ПРОЭКТЫ\пять ночей в ловушке\SIX.NIGHT.AT.TRAP\bin\Debug\SIX.NIGHT.AT.exe
Directory:	E:\Яковлев Иван\ПРОЭКТЫ\ПРОЭКТЫ\пять ночей в ловушке\SIX.NIGHT.AT.TRAP

--------------------------------------------------

--------------------------------------------------
TXLib соболезнует...

Программа: E:\Яковлев Иван\ПРОЭКТЫ\ПРОЭКТЫ\пять ночей в ловушке\SIX.NIGHT.AT.TRAP\bin\Debug\SIX.NIGHT.AT.exe, файл: c:\codeblocks\codeblocks\mingw\include\txlib.h, строка: 13657, функция: bool {anonymous}::TX::txTransparentBlt(HDC, double, double, double, double, HDC, double, double, COLORREF),

Сообщение: Параметр "sourceImage" неверен. Возможно, этот холст не создан, или уже уничтожен, или не загрузилась картинка.

#1: TXLib [Ver: 00173a, Rev: 171, Date: 2022-07-23 02:08:28 +0400], Instance: 0x004F32FC (32-bit), Flags: CMdRe0, Thread: 0x9A0 (Main), GetLastError(): 13 (Недопустимые данные). 

--------------------------------------------------
Стек вызовов:

# 0 0x00416869 in E:\Яковлев Иван\ПРОЭКТЫ\ПРОЭКТЫ\пять ночей в ловушке\SIX.NIGHT.AT.TRAP\bin\Debug\SIX.NIGHT.AT.exe: txTransparentBlt() at c:/codeblocks/codeblocks/mingw/include/txlib.h (13657)

# 1 0x0041CAF4 in E:\Яковлев Иван\ПРОЭКТЫ\ПРОЭКТЫ\пять ночей в ловушке\SIX.NIGHT.AT.TRAP\bin\Debug\SIX.NIGHT.AT.exe: main() at E:/Яковлев Иван/ПРОЭКТЫ/ПРОЭКТЫ/пять ночей в ловушке/SIX.NIGHT.AT.TRAP/main.cpp (96):

     94:      if(x1=1065,y1=225)
     95:     {
=>   96:      txTransparentBlt(txDC(),0 ,0  , 1540, 800  ,Ending1, 0, 0, RGB(512, 68, 68));
     97:     }
     98: 

--------------------------------------------------
Developed with:

The Dumb Artist Library (TX Library)
TXLib [Ver: 00173a, Rev: 171, Date: 2022-07-23 02:08:28 +0400]
Copyright (C) Ded (Ilya Dedinsky, http://txlib.ru) <mail@txlib.ru>
See license on: http://txlib.ru

TXLib file:	c:\codeblocks\codeblocks\mingw\include\txlib.h
Compiled:	Jan 29 2024 17:35:46, GNU g++ 4.8.1, std=201103L, MinGW Runtime 3.20, 32-bit, Debug
Started:	Jan 29 2024 17:38:40

Run file:	E:\Яковлев Иван\ПРОЭКТЫ\ПРОЭКТЫ\пять ночей в ловушке\SIX.NIGHT.AT.TRAP\bin\Debug\SIX.NIGHT.AT.exe
Directory:	E:\Яковлев Иван\ПРОЭКТЫ\ПРОЭКТЫ\пять ночей в ловушке\SIX.NIGHT.AT.TRAP

--------------------------------------------------

--------------------------------------------------
TXLib сообщает:

Программа: E:\Яковлев Иван\ПРОЭКТЫ\ПРОЭКТЫ\пять ночей в ловушке\SIX.NIGHT.AT.TRAP\bin\Debug\SIX.NIGHT.AT.exe, файл: c:\codeblocks\codeblocks\mingw\include\txlib.h, строка: 13678, функция: bool {anonymous}::TX::txTransparentBlt(HDC, double, double, double, double, HDC, double, double, COLORREF),

Сообщение: Прямоугольник копируемой области {720, 0, 900, 309} не полностью лежит внутри изображения-источника {0, 0, 721, 309}, функция txTransparentBlt() работать не будет.

#1: TXLib [Ver: 00173a, Rev: 171, Date: 2022-07-23 02:08:28 +0400], Instance: 0x004F42FC (32-bit), Flags: CMdRe0, Thread: 0x3A88 (Main), GetLastError(): 13 (Недопустимые данные). 

--------------------------------------------------
Стек вызовов:

# 0 0x004169B9 in E:\Яковлев Иван\ПРОЭКТЫ\ПРОЭКТЫ\пять ночей в ловушке\SIX.NIGHT.AT.TRAP\bin\Debug\SIX.NIGHT.AT.exe: txTransparentBlt() at c:/codeblocks/codeblocks/mingw/include/txlib.h (13678)

# 1 0x0041CE5D in E:\Яковлев Иван\ПРОЭКТЫ\ПРОЭКТЫ\пять ночей в ловушке\SIX.NIGHT.AT.TRAP\bin\Debug\SIX.NIGHT.AT.exe: main() at E:/Яковлев Иван/ПРОЭКТЫ/ПРОЭКТЫ/пять ночей в ловушке/SIX.NIGHT.AT.TRAP/main.cpp (129):

    127:      {
    128:      txTransparentBlt(txDC(),0 ,0  , 1540, 800  ,Location1, 0, 0, RGB(512, 68, 68));
=>  129:     txTransparentBlt(txDC(), x, y , 180, 309  ,Wiliam, 180*n_kadr, 0, RGB(237, 28, 36));
    130: 
    131: 

--------------------------------------------------
Developed with:

The Dumb Artist Library (TX Library)
TXLib [Ver: 00173a, Rev: 171, Date: 2022-07-23 02:08:28 +0400]
Copyright (C) Ded (Ilya Dedinsky, http://txlib.ru) <mail@txlib.ru>
See license on: http://txlib.ru

TXLib file:	c:\codeblocks\codeblocks\mingw\include\txlib.h
Compiled:	Feb  5 2024 17:48:50, GNU g++ 4.8.1, std=201103L, MinGW Runtime 3.20, 32-bit, Debug
Started:	Feb 05 2024 17:49:12

Run file:	E:\Яковлев Иван\ПРОЭКТЫ\ПРОЭКТЫ\пять ночей в ловушке\SIX.NIGHT.AT.TRAP\bin\Debug\SIX.NIGHT.AT.exe
Directory:	E:\Яковлев Иван\ПРОЭКТЫ\ПРОЭКТЫ\пять ночей в ловушке\SIX.NIGHT.AT.TRAP

--------------------------------------------------

--------------------------------------------------
TXLib сообщает:

Программа: E:\Яковлев Иван\ПРОЭКТЫ\ПРОЭКТЫ\пять ночей в ловушке\SIX.NIGHT.AT.TRAP\bin\Debug\SIX.NIGHT.AT.exe, файл: c:\codeblocks\codeblocks\mingw\include\txlib.h, строка: 13678, функция: bool {anonymous}::TX::txTransparentBlt(HDC, double, double, double, double, HDC, double, double, COLORREF),

Сообщение: Прямоугольник копируемой области {720, 0, 900, 309} не полностью лежит внутри изображения-источника {0, 0, 721, 309}, функция txTransparentBlt() работать не будет.

#1: TXLib [Ver: 00173a, Rev: 171, Date: 2022-07-23 02:08:28 +0400], Instance: 0x004F42FC (32-bit), Flags: CMdRe0, Thread: 0x1600 (Main), GetLastError(): 13 (Недопустимые данные). 

--------------------------------------------------
Стек вызовов:

# 0 0x004169B9 in E:\Яковлев Иван\ПРОЭКТЫ\ПРОЭКТЫ\пять ночей в ловушке\SIX.NIGHT.AT.TRAP\bin\Debug\SIX.NIGHT.AT.exe: txTransparentBlt() at c:/codeblocks/codeblocks/mingw/include/txlib.h (13678)

# 1 0x0041CE5D in E:\Яковлев Иван\ПРОЭКТЫ\ПРОЭКТЫ\пять ночей в ловушке\SIX.NIGHT.AT.TRAP\bin\Debug\SIX.NIGHT.AT.exe: main() at E:/Яковлев Иван/ПРОЭКТЫ/ПРОЭКТЫ/пять ночей в ловушке/SIX.NIGHT.AT.TRAP/main.cpp (135):

    133:      {
    134:      txTransparentBlt(txDC(),0 ,0  , 1540, 800  ,Location1, 0, 0, RGB(512, 68, 68));
=>  135:     txTransparentBlt(txDC(), x, y , 180, 309  ,Wiliam, 180*n_kadr, 0, RGB(237, 28, 36));
    136: 
    137: 

--------------------------------------------------
Developed with:

The Dumb Artist Library (TX Library)
TXLib [Ver: 00173a, Rev: 171, Date: 2022-07-23 02:08:28 +0400]
Copyright (C) Ded (Ilya Dedinsky, http://txlib.ru) <mail@txlib.ru>
See license on: http://txlib.ru

TXLib file:	c:\codeblocks\codeblocks\mingw\include\txlib.h
Compiled:	Feb  5 2024 18:07:50, GNU g++ 4.8.1, std=201103L, MinGW Runtime 3.20, 32-bit, Debug
Started:	Feb 05 2024 18:08:13

Run file:	E:\Яковлев Иван\ПРОЭКТЫ\ПРОЭКТЫ\пять ночей в ловушке\SIX.NIGHT.AT.TRAP\bin\Debug\SIX.NIGHT.AT.exe
Directory:	E:\Яковлев Иван\ПРОЭКТЫ\ПРОЭКТЫ\пять ночей в ловушке\SIX.NIGHT.AT.TRAP

--------------------------------------------------

--------------------------------------------------
TXLib сообщает:

Программа: E:\Яковлев Иван\ПРОЭКТЫ\ПРОЭКТЫ\пять ночей в ловушке\SIX.NIGHT.AT.TRAP\bin\Debug\SIX.NIGHT.AT.exe, файл: c:\codeblocks\codeblocks\mingw\include\txlib.h, строка: 13678, функция: bool {anonymous}::TX::txTransparentBlt(HDC, double, double, double, double, HDC, double, double, COLORREF),

Сообщение: Прямоугольник копируемой области {720, 0, 900, 309} не полностью лежит внутри изображения-источника {0, 0, 721, 309}, функция txTransparentBlt() работать не будет.

#2: TXLib [Ver: 00173a, Rev: 171, Date: 2022-07-23 02:08:28 +0400], Instance: 0x004F42FC (32-bit), Flags: CMdRe0, Thread: 0x1600 (Main), GetLastError(): 13 (Недопустимые данные). 

--------------------------------------------------
Стек вызовов:

# 0 0x004169B9 in E:\Яковлев Иван\ПРОЭКТЫ\ПРОЭКТЫ\пять ночей в ловушке\SIX.NIGHT.AT.TRAP\bin\Debug\SIX.NIGHT.AT.exe: txTransparentBlt() at c:/codeblocks/codeblocks/mingw/include/txlib.h (13678)

# 1 0x0041CE5D in E:\Яковлев Иван\ПРОЭКТЫ\ПРОЭКТЫ\пять ночей в ловушке\SIX.NIGHT.AT.TRAP\bin\Debug\SIX.NIGHT.AT.exe: main() at E:/Яковлев Иван/ПРОЭКТЫ/ПРОЭКТЫ/пять ночей в ловушке/SIX.NIGHT.AT.TRAP/main.cpp (135):

    133:      {
    134:      txTransparentBlt(txDC(),0 ,0  , 1540, 800  ,Location1, 0, 0, RGB(512, 68, 68));
=>  135:     txTransparentBlt(txDC(), x, y , 180, 309  ,Wiliam, 180*n_kadr, 0, RGB(237, 28, 36));
    136: 
    137: 

--------------------------------------------------
Developed with:

The Dumb Artist Library (TX Library)
TXLib [Ver: 00173a, Rev: 171, Date: 2022-07-23 02:08:28 +0400]
Copyright (C) Ded (Ilya Dedinsky, http://txlib.ru) <mail@txlib.ru>
See license on: http://txlib.ru

TXLib file:	c:\codeblocks\codeblocks\mingw\include\txlib.h
Compiled:	Feb  5 2024 18:07:50, GNU g++ 4.8.1, std=201103L, MinGW Runtime 3.20, 32-bit, Debug
Started:	Feb 05 2024 18:08:13

Run file:	E:\Яковлев Иван\ПРОЭКТЫ\ПРОЭКТЫ\пять ночей в ловушке\SIX.NIGHT.AT.TRAP\bin\Debug\SIX.NIGHT.AT.exe
Directory:	E:\Яковлев Иван\ПРОЭКТЫ\ПРОЭКТЫ\пять ночей в ловушке\SIX.NIGHT.AT.TRAP

--------------------------------------------------
