
--------------------------------------------------
TXLib соболезнует...

Программа: E:\Яковлев Иван\ПРОЭКТЫ\ПРОЭКТЫ\пять ночей в ловушке\SIX.NIGHT.AT.TRAP\bin\Debug\SIX.NIGHT.AT.TRAP.exe, файл: c:\codeblocks\codeblocks\mingw\include\txlib.h, строка: 13657, функция: bool {anonymous}::TX::txTransparentBlt(HDC, double, double, double, double, HDC, double, double, COLORREF),

Сообщение: Параметр "sourceImage" неверен. Возможно, этот холст не создан, или уже уничтожен, или не загрузилась картинка.

#1: TXLib [Ver: 00173a, Rev: 171, Date: 2022-07-23 02:08:28 +0400], Instance: 0x004F32FC (32-bit), Flags: CMdRe0, Thread: 0x1D84 (Main), GetLastError(): 13 (Недопустимые данные). 

--------------------------------------------------
Стек вызовов:

# 0 0x00416869 in E:\Яковлев Иван\ПРОЭКТЫ\ПРОЭКТЫ\пять ночей в ловушке\SIX.NIGHT.AT.TRAP\bin\Debug\SIX.NIGHT.AT.TRAP.exe: txTransparentBlt() at c:/codeblocks/codeblocks/mingw/include/txlib.h (13657)

# 1 0x0041C7AB in E:\Яковлев Иван\ПРОЭКТЫ\ПРОЭКТЫ\пять ночей в ловушке\SIX.NIGHT.AT.TRAP\bin\Debug\SIX.NIGHT.AT.TRAP.exe: main() at E:/Яковлев Иван/ПРОЭКТЫ/ПРОЭКТЫ/пять ночей в ловушке/SIX.NIGHT.AT.TRAP/main.cpp (44):

     42:      txSetFillColor (TX_ORANGE);
     43: 
=>   44:      txTransparentBlt(txDC(), x1, y1 , 180, 309  ,Wiliam, 180*n_kadr, 0, RGB(237, 28, 36));
     45: 
     46:      n_kadr +=1;

--------------------------------------------------
Developed with:

The Dumb Artist Library (TX Library)
TXLib [Ver: 00173a, Rev: 171, Date: 2022-07-23 02:08:28 +0400]
Copyright (C) Ded (Ilya Dedinsky, http://txlib.ru) <mail@txlib.ru>
See license on: http://txlib.ru

TXLib file:	c:\codeblocks\codeblocks\mingw\include\txlib.h
Compiled:	Jan 22 2024 18:17:21, GNU g++ 4.8.1, std=201103L, MinGW Runtime 3.20, 32-bit, Debug
Started:	Jan 22 2024 18:17:46

Run file:	E:\Яковлев Иван\ПРОЭКТЫ\ПРОЭКТЫ\пять ночей в ловушке\SIX.NIGHT.AT.TRAP\bin\Debug\SIX.NIGHT.AT.TRAP.exe
Directory:	E:\Яковлев Иван\ПРОЭКТЫ\ПРОЭКТЫ\пять ночей в ловушке\SIX.NIGHT.AT.TRAP

--------------------------------------------------
