
--------------------------------------------------
TXLib сообщает:

Программа: G:\ЯКОВЛЕ~1\ПРОЭКТЫ\ПРОЭКТЫ\ПЯТЬНО~1\SIXNIG~1.TRA\bin\Debug\SIXNIG~2.exe, файл: c:\codeblocks\codeblocks\mingw\include\txlib.h, строка: 13678, функция: bool {anonymous}::TX::txTransparentBlt(HDC, double, double, double, double, HDC, double, double, COLORREF),

Сообщение: Прямоугольник копируемой области {0, 0, 180, 309} не полностью лежит внутри изображения-источника {0, 0, 233, 100}, функция txTransparentBlt() работать не будет.

#1: TXLib [Ver: 00173a, Rev: 171, Date: 2022-07-23 02:08:28 +0400], Instance: 0x004F42FC (32-bit), Flags: CMdRe0, Thread: 0x148 (Main), GetLastError(): 13 (Недопустимые данные). 

--------------------------------------------------
Стек вызовов:



--------------------------------------------------
Developed with:

The Dumb Artist Library (TX Library)
TXLib [Ver: 00173a, Rev: 171, Date: 2022-07-23 02:08:28 +0400]
Copyright (C) Ded (Ilya Dedinsky, http://txlib.ru) <mail@txlib.ru>
See license on: http://txlib.ru

TXLib file:	c:\codeblocks\codeblocks\mingw\include\txlib.h
Compiled:	Feb  5 2024 18:21:43, GNU g++ 4.8.1, std=201103L, MinGW Runtime 3.20, 32-bit, Debug
Started:	Feb 10 2024 19:16:26

Run file:	G:\ЯКОВЛЕ~1\ПРОЭКТЫ\ПРОЭКТЫ\ПЯТЬНО~1\SIXNIG~1.TRA\bin\Debug\SIXNIG~2.exe
Directory:	G:\ЯКОВЛЕ~1\ПРОЭКТЫ\ПРОЭКТЫ\ПЯТЬНО~1\SIXNIG~1.TRA

--------------------------------------------------

--------------------------------------------------
TXLib сообщает:

Программа: G:\ЯКОВЛЕ~1\ПРОЭКТЫ\ПРОЭКТЫ\ПЯТЬНО~1\SIXNIG~1.TRA\bin\Debug\SIXNIG~2.exe, файл: c:\codeblocks\codeblocks\mingw\include\txlib.h, строка: 13678, функция: bool {anonymous}::TX::txTransparentBlt(HDC, double, double, double, double, HDC, double, double, COLORREF),

Сообщение: Прямоугольник копируемой области {180, 0, 360, 309} не полностью лежит внутри изображения-источника {0, 0, 233, 100}, функция txTransparentBlt() работать не будет.

#2: TXLib [Ver: 00173a, Rev: 171, Date: 2022-07-23 02:08:28 +0400], Instance: 0x004F42FC (32-bit), Flags: CMdRe0, Thread: 0x148 (Main), GetLastError(): 13 (Недопустимые данные). 

--------------------------------------------------
Стек вызовов:



--------------------------------------------------
Developed with:

The Dumb Artist Library (TX Library)
TXLib [Ver: 00173a, Rev: 171, Date: 2022-07-23 02:08:28 +0400]
Copyright (C) Ded (Ilya Dedinsky, http://txlib.ru) <mail@txlib.ru>
See license on: http://txlib.ru

TXLib file:	c:\codeblocks\codeblocks\mingw\include\txlib.h
Compiled:	Feb  5 2024 18:21:43, GNU g++ 4.8.1, std=201103L, MinGW Runtime 3.20, 32-bit, Debug
Started:	Feb 10 2024 19:16:27

Run file:	G:\ЯКОВЛЕ~1\ПРОЭКТЫ\ПРОЭКТЫ\ПЯТЬНО~1\SIXNIG~1.TRA\bin\Debug\SIXNIG~2.exe
Directory:	G:\ЯКОВЛЕ~1\ПРОЭКТЫ\ПРОЭКТЫ\ПЯТЬНО~1\SIXNIG~1.TRA

--------------------------------------------------
